2022-07-19 11:15:01,088 - __main__ - INFO - Token value: Token not available!
2022-07-19 11:15:01,760 - __main__ - INFO - Weather in Berlin: 30.32
2022-07-19 10:09:58,525 - __main__ - INFO - Token value: 1234
2022-07-19 10:09:58,949 - __main__ - INFO - Weather in Berlin: 32.56
2022-07-19 12:17:50,405 - __main__ - INFO - Token value: 1234
2022-07-19 12:17:50,875 - __main__ - INFO - Weather in Berlin: 33.66
2022-07-19 14:09:00,868 - __main__ - INFO - Token value: 1234
2022-07-19 14:09:01,435 - __main__ - INFO - Weather in Berlin: 34.86
2022-07-19 16:12:16,906 - __main__ - INFO - Token value: 1234
2022-07-19 16:12:17,306 - __main__ - INFO - Weather in Berlin: 34.28
2022-07-19 18:10:53,682 - __main__ - INFO - Token value: 1234
2022-07-19 18:10:53,844 - __main__ - INFO - Weather in Berlin: 31.9
2022-07-19 20:09:35,027 - __main__ - INFO - Token value: 1234
2022-07-19 20:09:35,139 - __main__ - INFO - Weather in Berlin: 27.52
2022-07-19 22:09:04,334 - __main__ - INFO - Token value: 1234
2022-07-19 22:09:04,912 - __main__ - INFO - Weather in Berlin: 25.4
2022-07-20 00:46:12,649 - __main__ - INFO - Token value: 1234
2022-07-20 00:46:13,296 - __main__ - INFO - Weather in Berlin: 24.18
2022-07-20 03:36:18,748 - __main__ - INFO - Token value: 1234
2022-07-20 03:36:18,916 - __main__ - INFO - Weather in Berlin: 22.12
2022-07-20 04:30:43,477 - __main__ - INFO - Token value: 1234
2022-07-20 04:30:43,776 - __main__ - INFO - Weather in Berlin: 21.64
2022-07-20 06:11:40,340 - __main__ - INFO - Token value: 1234
2022-07-20 06:11:41,194 - __main__ - INFO - Weather in Berlin: 24.95
2022-07-20 08:12:25,109 - __main__ - INFO - Token value: 1234
2022-07-20 08:12:25,397 - __main__ - INFO - Weather in Berlin: 30.85
2022-07-20 10:09:27,874 - __main__ - INFO - Token value: 1234
2022-07-20 10:09:28,041 - __main__ - INFO - Weather in Berlin: 35.42
2022-07-20 12:16:14,801 - __main__ - INFO - Token value: 1234
2022-07-20 12:16:15,447 - __main__ - INFO - Weather in Berlin: 36.64
2022-07-20 14:10:42,143 - __main__ - INFO - Token value: 1234
2022-07-20 14:10:42,285 - __main__ - INFO - Weather in Berlin: 37.34
2022-07-20 16:11:32,101 - __main__ - INFO - Token value: 1234
2022-07-20 16:11:32,270 - __main__ - INFO - Weather in Berlin: 36.32
2022-07-20 18:11:08,871 - __main__ - INFO - Token value: 1234
2022-07-20 18:11:09,450 - __main__ - INFO - Weather in Berlin: 35.75
2022-07-20 20:10:07,208 - __main__ - INFO - Token value: 1234
2022-07-20 20:10:07,807 - __main__ - INFO - Weather in Berlin: 29.16
2022-07-20 22:08:32,880 - __main__ - INFO - Token value: 1234
2022-07-20 22:08:33,309 - __main__ - INFO - Weather in Berlin: 27.72
2022-07-21 00:51:04,670 - __main__ - INFO - Token value: 1234
2022-07-21 00:51:04,945 - __main__ - INFO - Weather in Berlin: 25.62
2022-07-21 03:32:21,183 - __main__ - INFO - Token value: 1234
2022-07-21 03:32:21,622 - __main__ - INFO - Weather in Berlin: 24.17
2022-07-21 04:33:49,059 - __main__ - INFO - Token value: 1234
2022-07-21 04:33:49,712 - __main__ - INFO - Weather in Berlin: 23.8
2022-07-21 06:11:40,676 - __main__ - INFO - Token value: 1234
2022-07-21 06:11:41,078 - __main__ - INFO - Weather in Berlin: 24.1
2022-07-21 08:11:51,774 - __main__ - INFO - Token value: 1234
2022-07-21 08:11:51,925 - __main__ - INFO - Weather in Berlin: 26.61
2022-07-21 10:10:48,231 - __main__ - INFO - Token value: 1234
2022-07-21 10:10:48,658 - __main__ - INFO - Weather in Berlin: 29.39
2022-07-21 12:16:51,452 - __main__ - INFO - Token value: 1234
2022-07-21 12:16:52,210 - __main__ - INFO - Weather in Berlin: 29.02
2022-07-21 14:10:13,059 - __main__ - INFO - Token value: 1234
2022-07-21 14:10:13,760 - __main__ - INFO - Weather in Berlin: 24.62
2022-07-21 16:11:48,481 - __main__ - INFO - Token value: 1234
2022-07-21 16:11:49,254 - __main__ - INFO - Weather in Berlin: 24.51
2022-07-21 18:11:19,590 - __main__ - INFO - Token value: 1234
2022-07-21 18:11:19,965 - __main__ - INFO - Weather in Berlin: 25.79
2022-07-21 20:10:30,244 - __main__ - INFO - Token value: 1234
2022-07-21 20:10:30,328 - __main__ - INFO - Weather in Berlin: 22.77
2022-07-25 00:44:39,700 - __main__ - INFO - Token value: 1234
2022-07-25 00:44:40,082 - __main__ - INFO - Weather in Berlin: 19.9
2022-08-01 00:54:12,206 - __main__ - INFO - Token value: 1234
2022-08-01 00:54:12,694 - __main__ - INFO - Weather in Berlin: 20.23
2022-08-08 00:40:42,506 - __main__ - INFO - Token value: 1234
2022-08-08 00:40:42,610 - __main__ - INFO - Weather in Berlin: 16.92
2022-08-15 00:44:48,218 - __main__ - INFO - Token value: 1234
2022-08-15 00:44:48,828 - __main__ - INFO - Weather in Berlin: 22.05
2022-08-22 00:46:22,483 - __main__ - INFO - Token value: 1234
2022-08-22 00:46:22,604 - __main__ - INFO - Weather in Berlin: 16.54
2022-08-29 00:51:03,885 - __main__ - INFO - Token value: 1234
2022-08-29 00:51:04,463 - __main__ - INFO - Weather in Berlin: 13.61
2022-09-05 00:54:44,539 - __main__ - INFO - Token value: 1234
2022-09-05 00:54:45,065 - __main__ - INFO - Weather in Berlin: 15.8
2022-09-12 00:48:56,255 - __main__ - INFO - Token value: 1234
2022-09-12 00:48:56,362 - __main__ - INFO - Weather in Berlin: 12.68
2022-09-19 00:51:28,986 - __main__ - INFO - Token value: 1234
2022-09-19 00:51:29,073 - __main__ - INFO - Weather in Berlin: 8.79
2022-09-26 00:54:36,285 - __main__ - INFO - Token value: 1234
2022-09-26 00:54:36,670 - __main__ - INFO - Weather in Berlin: 11.75
2022-10-03 00:53:53,511 - __main__ - INFO - Token value: 1234
2022-10-03 00:53:54,115 - __main__ - INFO - Weather in Berlin: 11.07
2022-10-10 00:59:22,592 - __main__ - INFO - Token value: 1234
2022-10-10 00:59:22,684 - __main__ - INFO - Weather in Berlin: 7.73
2022-10-17 01:03:34,041 - __main__ - INFO - Token value: 1234
2022-10-17 01:03:34,808 - __main__ - INFO - Weather in Berlin: 13.02
2022-10-24 01:05:23,964 - __main__ - INFO - Token value: 1234
2022-10-24 01:05:24,197 - __main__ - INFO - Weather in Berlin: 13.27
2022-10-31 00:56:50,347 - __main__ - INFO - Token value: 1234
2022-10-31 00:56:50,781 - __main__ - INFO - Weather in Berlin: 13.45
2022-11-07 00:46:30,914 - __main__ - INFO - Token value: 1234
2022-11-07 00:46:31,482 - __main__ - INFO - Weather in Berlin: 6.9
2022-11-14 00:42:53,014 - __main__ - INFO - Token value: 1234
2022-11-14 00:42:53,136 - __main__ - INFO - Weather in Berlin: 6.58
2022-11-21 00:44:54,383 - __main__ - INFO - Token value: 1234
2022-11-21 00:44:54,891 - __main__ - INFO - Weather in Berlin: -1.89
2022-11-28 00:38:10,868 - __main__ - INFO - Token value: 1234
2022-11-28 00:38:10,962 - __main__ - INFO - Weather in Berlin: 4.03
2022-12-05 00:37:36,747 - __main__ - INFO - Token value: 1234
2022-12-05 00:37:37,346 - __main__ - INFO - Weather in Berlin: 2.48
2022-12-12 00:40:48,194 - __main__ - INFO - Token value: 1234
2022-12-12 00:40:48,347 - __main__ - INFO - Weather in Berlin: -1.51
2022-12-19 00:34:22,668 - __main__ - INFO - Token value: 1234
2022-12-19 00:34:23,349 - __main__ - INFO - Weather in Berlin: -4.73
2022-12-26 00:37:57,455 - __main__ - INFO - Token value: 1234
2022-12-26 00:37:58,555 - __main__ - INFO - Weather in Berlin: 8.58
2023-01-02 00:37:45,571 - __main__ - INFO - Token value: 1234
2023-01-02 00:37:46,198 - __main__ - INFO - Weather in Berlin: 11.86
2023-01-09 00:37:48,669 - __main__ - INFO - Token value: 1234
2023-01-09 00:37:49,006 - __main__ - INFO - Weather in Berlin: 5.01
2023-01-16 00:38:39,973 - __main__ - INFO - Token value: 1234
2023-01-16 00:38:40,358 - __main__ - INFO - Weather in Berlin: 4.9
2023-01-23 00:37:11,897 - __main__ - INFO - Token value: 1234
2023-01-23 00:37:12,431 - __main__ - INFO - Weather in Berlin: 1.65
2023-01-30 00:35:30,776 - __main__ - INFO - Token value: 1234
2023-01-30 00:35:31,351 - __main__ - INFO - Weather in Berlin: 1.63
2023-02-01 12:47:08,239 - __main__ - INFO - Token value: Token not available!
2023-02-01 12:47:11,483 - __main__ - INFO - Weather in Berlin: 4.85
2023-02-01 13:49:07,427 - __main__ - INFO - Token value: Token not available!
2023-02-01 13:49:11,695 - __main__ - INFO - Weather in Berlin: 4.71
2023-02-01 14:25:03,434 - __main__ - INFO - Token value: Token not available!
2023-02-01 14:25:07,742 - __main__ - INFO - Weather in Berlin: 3.72
2023-02-01 16:08:45,152 - __main__ - INFO - Token value: Token not available!
2023-02-01 16:08:48,895 - __main__ - INFO - Weather in Berlin: 3.98
2023-02-01 15:15:44,295 - __main__ - INFO - Token value: 
2023-02-01 15:15:44,871 - __main__ - INFO - Weather in Berlin: 5.76
2023-02-01 16:19:56,778 - __main__ - INFO - Token value: 
2023-02-01 16:19:57,192 - __main__ - INFO - Weather in Berlin: 3.81
2023-02-01 17:13:50,424 - __main__ - INFO - Token value: 
2023-02-01 17:13:50,999 - __main__ - INFO - Weather in Berlin: 3.81
2023-02-01 18:18:40,571 - __main__ - INFO - Token value: 
2023-02-01 18:18:41,039 - __main__ - INFO - Weather in Berlin: 2.7
2023-02-01 19:12:10,770 - __main__ - INFO - Token value: 
2023-02-01 19:12:11,200 - __main__ - INFO - Weather in Berlin: 3.59
2023-02-01 20:15:51,193 - __main__ - INFO - Token value: 
2023-02-01 20:15:51,689 - __main__ - INFO - Weather in Berlin: 3.99
2023-02-01 21:13:21,959 - __main__ - INFO - Token value: 
2023-02-01 21:13:22,487 - __main__ - INFO - Weather in Berlin: 4.07
2023-02-01 22:14:36,864 - __main__ - INFO - Token value: 
2023-02-01 22:14:37,186 - __main__ - INFO - Weather in Berlin: 3.86
2023-02-01 23:15:22,346 - __main__ - INFO - Token value: 
2023-02-01 23:15:22,486 - __main__ - INFO - Weather in Berlin: 3.85
2023-02-02 01:17:17,741 - __main__ - INFO - Token value: 
2023-02-02 01:17:17,902 - __main__ - INFO - Weather in Berlin: 4.54
2023-02-02 02:43:49,855 - __main__ - INFO - Token value: 
2023-02-02 02:43:50,036 - __main__ - INFO - Weather in Berlin: 4.6
2023-02-02 03:16:17,916 - __main__ - INFO - Token value: 
2023-02-02 03:16:18,444 - __main__ - INFO - Weather in Berlin: 4.61
2023-02-02 04:18:33,065 - __main__ - INFO - Token value: 
2023-02-02 04:18:33,721 - __main__ - INFO - Weather in Berlin: 4.9
2023-02-02 05:13:45,993 - __main__ - INFO - Token value: 
2023-02-02 05:13:46,368 - __main__ - INFO - Weather in Berlin: 4.9
2023-02-02 06:19:02,648 - __main__ - INFO - Token value: 
2023-02-02 06:19:03,094 - __main__ - INFO - Weather in Berlin: 4.95
2023-02-02 07:13:28,772 - __main__ - INFO - Token value: 
2023-02-02 07:13:29,460 - __main__ - INFO - Weather in Berlin: 4.84
2023-02-02 08:19:15,791 - __main__ - INFO - Token value: 
2023-02-02 08:19:16,293 - __main__ - INFO - Weather in Berlin: 4.81
2023-02-02 09:14:43,771 - __main__ - INFO - Token value: 
2023-02-02 09:14:44,189 - __main__ - INFO - Weather in Berlin: 5.13
2023-02-02 10:16:07,937 - __main__ - INFO - Token value: 
2023-02-02 10:16:08,137 - __main__ - INFO - Weather in Berlin: 5.84
2023-02-02 11:12:27,450 - __main__ - INFO - Token value: 
2023-02-02 11:12:28,337 - __main__ - INFO - Weather in Berlin: 6.5
2023-02-02 12:30:47,860 - __main__ - INFO - Token value: 
2023-02-02 12:30:48,401 - __main__ - INFO - Weather in Berlin: 6.17
2023-02-02 13:26:17,464 - __main__ - INFO - Token value: 
2023-02-02 13:26:17,956 - __main__ - INFO - Weather in Berlin: 6.17
2023-02-02 14:13:36,377 - __main__ - INFO - Token value: 
2023-02-02 14:13:37,070 - __main__ - INFO - Weather in Berlin: 6.18
2023-02-02 15:15:37,028 - __main__ - INFO - Token value: 
2023-02-02 15:15:37,366 - __main__ - INFO - Weather in Berlin: 5.4
2023-02-02 16:21:03,632 - __main__ - INFO - Token value: 
2023-02-02 16:21:04,135 - __main__ - INFO - Weather in Berlin: 4.82
2023-02-02 17:13:43,984 - __main__ - INFO - Token value: 
2023-02-02 17:13:44,130 - __main__ - INFO - Weather in Berlin: 3.34
2023-02-02 18:18:46,305 - __main__ - INFO - Token value: 
2023-02-02 18:18:46,870 - __main__ - INFO - Weather in Berlin: 2.27
2023-02-02 19:10:39,142 - __main__ - INFO - Token value: 
2023-02-02 19:10:40,057 - __main__ - INFO - Weather in Berlin: 1.94
2023-02-02 20:15:57,761 - __main__ - INFO - Token value: 
2023-02-02 20:15:58,188 - __main__ - INFO - Weather in Berlin: 1.27
2023-02-02 21:12:15,433 - __main__ - INFO - Token value: 
2023-02-02 21:12:15,819 - __main__ - INFO - Weather in Berlin: 1.44
2023-02-02 22:14:26,236 - __main__ - INFO - Token value: 
2023-02-02 22:14:26,471 - __main__ - INFO - Weather in Berlin: 1.5
2023-02-02 23:15:40,152 - __main__ - INFO - Token value: 
2023-02-02 23:15:42,150 - __main__ - INFO - Weather in Berlin: 1.52
2023-02-03 01:19:24,061 - __main__ - INFO - Token value: 
2023-02-03 01:19:24,716 - __main__ - INFO - Weather in Berlin: 2.1
2023-02-03 02:47:30,805 - __main__ - INFO - Token value: 
2023-02-03 02:47:31,381 - __main__ - INFO - Weather in Berlin: 2.34
2023-02-03 03:19:08,637 - __main__ - INFO - Token value: 
2023-02-03 03:19:09,544 - __main__ - INFO - Weather in Berlin: 2.34
2023-02-03 04:18:32,487 - __main__ - INFO - Token value: 
2023-02-03 04:18:33,299 - __main__ - INFO - Weather in Berlin: 2.41
2023-02-03 05:14:09,058 - __main__ - INFO - Token value: 
2023-02-03 05:14:09,666 - __main__ - INFO - Weather in Berlin: 3.95
2023-02-03 06:19:16,884 - __main__ - INFO - Token value: 
2023-02-03 06:19:17,092 - __main__ - INFO - Weather in Berlin: 5.07
2023-02-03 07:14:01,225 - __main__ - INFO - Token value: 
2023-02-03 07:14:01,833 - __main__ - INFO - Weather in Berlin: 6.15
2023-02-03 08:19:21,804 - __main__ - INFO - Token value: 
2023-02-03 08:19:22,265 - __main__ - INFO - Weather in Berlin: 6.78
2023-02-03 09:14:48,715 - __main__ - INFO - Token value: 
2023-02-03 09:14:49,189 - __main__ - INFO - Weather in Berlin: 6.9
2023-02-03 10:16:10,434 - __main__ - INFO - Token value: 
2023-02-03 10:16:10,586 - __main__ - INFO - Weather in Berlin: 7.26
2023-02-03 11:13:15,937 - __main__ - INFO - Token value: 
2023-02-03 11:13:16,248 - __main__ - INFO - Weather in Berlin: 7.39
2023-02-03 12:28:50,139 - __main__ - INFO - Token value: 
2023-02-03 12:28:50,611 - __main__ - INFO - Weather in Berlin: 7.84
2023-02-03 13:21:21,975 - __main__ - INFO - Token value: 
2023-02-03 13:21:22,686 - __main__ - INFO - Weather in Berlin: 7.68
2023-02-03 14:13:41,667 - __main__ - INFO - Token value: 
2023-02-03 14:13:42,146 - __main__ - INFO - Weather in Berlin: 7.68
2023-02-03 15:15:33,142 - __main__ - INFO - Token value: 
2023-02-03 15:15:33,736 - __main__ - INFO - Weather in Berlin: 6.6
2023-02-03 16:20:24,609 - __main__ - INFO - Token value: 
2023-02-03 16:20:25,124 - __main__ - INFO - Weather in Berlin: 7.1
2023-02-03 17:13:48,688 - __main__ - INFO - Token value: 
2023-02-03 17:13:49,118 - __main__ - INFO - Weather in Berlin: 6.93
2023-02-03 18:18:27,715 - __main__ - INFO - Token value: 
2023-02-03 18:18:28,572 - __main__ - INFO - Weather in Berlin: 6.75
2023-02-03 19:12:08,201 - __main__ - INFO - Token value: 
2023-02-03 19:12:08,842 - __main__ - INFO - Weather in Berlin: 6.83
2023-02-03 20:15:48,920 - __main__ - INFO - Token value: 
2023-02-03 20:15:49,409 - __main__ - INFO - Weather in Berlin: 6.73
2023-02-03 21:12:35,201 - __main__ - INFO - Token value: 
2023-02-03 21:12:35,829 - __main__ - INFO - Weather in Berlin: 6.24
2023-02-03 22:14:17,682 - __main__ - INFO - Token value: 
2023-02-03 22:14:17,997 - __main__ - INFO - Weather in Berlin: 4.6
2023-02-03 23:14:33,829 - __main__ - INFO - Token value: 
2023-02-03 23:14:34,683 - __main__ - INFO - Weather in Berlin: 3.61
2023-02-04 01:13:39,707 - __main__ - INFO - Token value: 
2023-02-04 01:13:39,940 - __main__ - INFO - Weather in Berlin: 3.1
2023-02-04 02:36:21,268 - __main__ - INFO - Token value: 
2023-02-04 02:36:21,449 - __main__ - INFO - Weather in Berlin: 2.33
2023-02-04 03:16:32,694 - __main__ - INFO - Token value: 
2023-02-04 03:16:33,226 - __main__ - INFO - Weather in Berlin: 1.81
2023-02-04 04:17:38,629 - __main__ - INFO - Token value: 
2023-02-04 04:17:38,817 - __main__ - INFO - Weather in Berlin: 1.31
2023-02-04 05:12:54,249 - __main__ - INFO - Token value: 
2023-02-04 05:12:54,828 - __main__ - INFO - Weather in Berlin: 0.88
2023-02-04 06:17:50,142 - __main__ - INFO - Token value: 
2023-02-04 06:17:50,775 - __main__ - INFO - Weather in Berlin: 0.67
2023-02-04 07:12:39,172 - __main__ - INFO - Token value: 
2023-02-04 07:12:39,695 - __main__ - INFO - Weather in Berlin: 0.67
2023-02-04 08:17:46,118 - __main__ - INFO - Token value: 
2023-02-04 08:17:46,972 - __main__ - INFO - Weather in Berlin: 0.16
2023-02-04 09:13:16,020 - __main__ - INFO - Token value: 
2023-02-04 09:13:16,246 - __main__ - INFO - Weather in Berlin: 2.1
2023-02-04 10:14:42,955 - __main__ - INFO - Token value: 
2023-02-04 10:14:43,141 - __main__ - INFO - Weather in Berlin: 3.32
2023-02-04 11:12:00,262 - __main__ - INFO - Token value: 
2023-02-04 11:12:00,741 - __main__ - INFO - Weather in Berlin: 3.41
2023-02-04 12:26:23,423 - __main__ - INFO - Token value: 
2023-02-04 12:26:24,292 - __main__ - INFO - Weather in Berlin: 4.14
2023-02-04 13:17:34,732 - __main__ - INFO - Token value: 
2023-02-04 13:17:35,239 - __main__ - INFO - Weather in Berlin: 4.0
2023-02-04 14:12:14,296 - __main__ - INFO - Token value: 
2023-02-04 14:12:15,259 - __main__ - INFO - Weather in Berlin: 3.89
2023-02-04 15:13:50,330 - __main__ - INFO - Token value: 
2023-02-04 15:13:50,940 - __main__ - INFO - Weather in Berlin: 3.53
2023-02-04 16:19:14,755 - __main__ - INFO - Token value: 
2023-02-04 16:19:14,941 - __main__ - INFO - Weather in Berlin: 2.93
2023-02-04 17:12:19,646 - __main__ - INFO - Token value: 
2023-02-04 17:12:20,245 - __main__ - INFO - Weather in Berlin: 1.72
2023-02-04 18:16:57,429 - __main__ - INFO - Token value: 
2023-02-04 18:16:57,573 - __main__ - INFO - Weather in Berlin: 0.4
2023-02-04 19:11:14,018 - __main__ - INFO - Token value: 
2023-02-04 19:11:14,349 - __main__ - INFO - Weather in Berlin: 0.16
2023-02-04 20:14:37,335 - __main__ - INFO - Token value: 
2023-02-04 20:14:37,527 - __main__ - INFO - Weather in Berlin: -1.01
2023-02-04 21:12:30,685 - __main__ - INFO - Token value: 
2023-02-04 21:12:31,270 - __main__ - INFO - Weather in Berlin: -1.69
2023-02-04 22:13:11,268 - __main__ - INFO - Token value: 
2023-02-04 22:13:11,405 - __main__ - INFO - Weather in Berlin: -2.26
2023-02-04 23:14:03,380 - __main__ - INFO - Token value: 
2023-02-04 23:14:03,884 - __main__ - INFO - Weather in Berlin: -2.3
2023-02-05 01:21:29,595 - __main__ - INFO - Token value: 
2023-02-05 01:21:29,781 - __main__ - INFO - Weather in Berlin: -2.32
2023-02-05 02:48:44,068 - __main__ - INFO - Token value: 
2023-02-05 02:48:45,453 - __main__ - INFO - Weather in Berlin: -2.26
2023-02-05 03:18:57,103 - __main__ - INFO - Token value: 
2023-02-05 03:18:57,295 - __main__ - INFO - Weather in Berlin: -2.26
2023-02-05 04:17:33,270 - __main__ - INFO - Token value: 
2023-02-05 04:17:33,790 - __main__ - INFO - Weather in Berlin: -2.71
2023-02-05 05:12:54,066 - __main__ - INFO - Token value: 
2023-02-05 05:12:54,357 - __main__ - INFO - Weather in Berlin: -1.96
2023-02-05 06:17:41,462 - __main__ - INFO - Token value: 
2023-02-05 06:17:41,943 - __main__ - INFO - Weather in Berlin: -2.61
2023-02-05 07:12:53,522 - __main__ - INFO - Token value: 
2023-02-05 07:12:54,149 - __main__ - INFO - Weather in Berlin: -3.03
2023-02-05 08:18:05,462 - __main__ - INFO - Token value: 
2023-02-05 08:18:05,892 - __main__ - INFO - Weather in Berlin: -2.3
2023-02-05 09:13:28,321 - __main__ - INFO - Token value: 
2023-02-05 09:13:28,982 - __main__ - INFO - Weather in Berlin: -1.73
2023-02-05 10:14:32,820 - __main__ - INFO - Token value: 
2023-02-05 10:14:33,518 - __main__ - INFO - Weather in Berlin: -0.72
2023-02-05 11:11:44,346 - __main__ - INFO - Token value: 
2023-02-05 11:11:44,828 - __main__ - INFO - Weather in Berlin: 0.48
2023-02-05 12:26:34,822 - __main__ - INFO - Token value: 
2023-02-05 12:26:35,400 - __main__ - INFO - Weather in Berlin: 1.21
2023-02-05 13:18:00,057 - __main__ - INFO - Token value: 
2023-02-05 13:18:00,257 - __main__ - INFO - Weather in Berlin: 1.66
2023-02-05 14:12:19,363 - __main__ - INFO - Token value: 
2023-02-05 14:12:19,870 - __main__ - INFO - Weather in Berlin: 1.65
2023-02-05 15:13:50,455 - __main__ - INFO - Token value: 
2023-02-05 15:13:51,123 - __main__ - INFO - Weather in Berlin: 1.37
2023-02-05 16:19:02,696 - __main__ - INFO - Token value: 
2023-02-05 16:19:03,149 - __main__ - INFO - Weather in Berlin: 0.53
